<!DOCTYPE html PUBLIC "-//W3C//DTD XHTML 1.1//EN" "https://www.w3.org/TR/xhtml11/DTD/xhtml11.dtd">
<html xmlns="https://www.w3.org/1999/xhtml">
<head>
<meta http-equiv="content-type" content="text/html; charset=UTF-8"/>
<title>TestNG Report</title>
<style type="text/css">table {margin-bottom:10px;border-collapse:collapse;empty-cells:show}th,td {border:1px solid #009;padding:.25em .5em}th {vertical-align:bottom}td {vertical-align:top}table a {font-weight:bold}.stripe td {background-color: #E6EBF9}.num {text-align:right}.passedodd td {background-color: #3F3}.passedeven td {background-color: #0A0}.skippedodd td {background-color: #DDD}.skippedeven td {background-color: #CCC}.failedodd td,.attn {background-color: #F33}.failedeven td,.stripe .attn {background-color: #D00}.stacktrace {white-space:pre;font-family:monospace}.totop {font-size:85%;text-align:center;border-bottom:2px solid #000}.invisible {display:none}</style>
</head>
<body>
<table>
<tr><th>Test</th><th># Passed</th><th># Skipped</th><th># Retried</th><th># Failed</th><th>Time (ms)</th><th>Included Groups</th><th>Excluded Groups</th></tr>
<tr><th colspan="8">FREE CRM Application Test Automation Test Suite</th></tr>
<tr><td><a href="#t0">Free CRM App Test Cases</a></td><td class="num">10</td><td class="num">0</td><td class="num">0</td><td class="num attn">2</td><td class="num">308,010</td><td></td><td></td></tr>
</table>
<table id='summary'><thead><tr><th>Class</th><th>Method</th><th>Start</th><th>Time (ms)</th></tr></thead><tbody><tr><th colspan="4">FREE CRM Application Test Automation Test Suite</th></tr></tbody><tbody id="t0"><tr><th colspan="4">Free CRM App Test Cases &#8212; failed</th></tr><tr class="failedeven"><td rowspan="1">com.crm.qa.testcases.ContactsPageTest</td><td><a href="#m0">selectMultipleContactsTest</a></td><td rowspan="1">1729932607794</td><td rowspan="1">20233</td></tr><tr class="failedodd"><td rowspan="1">com.crm.qa.testcases.LoginPageTest</td><td><a href="#m1">loginPageTitleTest</a></td><td rowspan="1">1729932433925</td><td rowspan="1">56</td></tr><tr><th colspan="4">Free CRM App Test Cases &#8212; passed</th></tr><tr class="passedeven"><td rowspan="5">com.crm.qa.testcases.ContactsPageTest</td><td><a href="#m2">selectSingleContactsTest</a></td><td rowspan="1">1729932583659</td><td rowspan="1">175</td></tr><tr class="passedeven"><td><a href="#m3">validateCreateNewContact</a></td><td rowspan="3">1729932654254</td><td rowspan="3">8196</td></tr><tr class="passedeven"><td><a href="#m4">validateCreateNewContact</a></td></tr><tr class="passedeven"><td><a href="#m5">validateCreateNewContact</a></td></tr><tr class="passedeven"><td><a href="#m6">verifyContactsPageLabel</a></td><td rowspan="1">1729932559331</td><td rowspan="1">62</td></tr><tr class="passedodd"><td rowspan="3">com.crm.qa.testcases.HomePageTest</td><td><a href="#m7">verifyContactsLinkTest</a></td><td rowspan="1">1729932531486</td><td rowspan="1">2601</td></tr><tr class="passedodd"><td><a href="#m8">verifyHomePageTitleTest</a></td><td rowspan="1">1729932487469</td><td rowspan="1">18</td></tr><tr class="passedodd"><td><a href="#m9">verifyUserNameTest</a></td><td rowspan="1">1729932509467</td><td rowspan="1">140</td></tr><tr class="passedeven"><td rowspan="2">com.crm.qa.testcases.LoginPageTest</td><td><a href="#m10">crmLogoImageTest</a></td><td rowspan="1">1729932444869</td><td rowspan="1">140</td></tr><tr class="passedeven"><td><a href="#m11">loginTest</a></td><td rowspan="1">1729932454690</td><td rowspan="1">11889</td></tr></tbody>
</table>
<h2>Free CRM App Test Cases</h2><h3 id="m0">com.crm.qa.testcases.ContactsPageTest#selectMultipleContactsTest</h3><table class="result"><tr><th>Exception</th></tr><tr><td><div class="stacktrace">org.openqa.selenium.NoSuchElementException: no such element: Unable to locate element: {&quot;method&quot;:&quot;xpath&quot;,&quot;selector&quot;:&quot;//a[text()=&apos;Akshay Singh&apos;]//parent::td[@class=&apos;datalistrow&apos;]//preceding-sibling::td[@class=&apos;datalistrow&apos;]//input[@name=&apos;contact_id&apos;]&quot;}
  (Session info: chrome=130.0.6723.70)
For documentation on this error, please visit: https://www.seleniumhq.org/exceptions/no_such_element.html
Build info: version: &apos;3.141.59&apos;, revision: &apos;e82be7d358&apos;, time: &apos;2018-11-14T08:17:03&apos;
System info: host: &apos;DESKTOP-N2O8J3T&apos;, ip: &apos;192.168.1.33&apos;, os.name: &apos;Windows 10&apos;, os.arch: &apos;amd64&apos;, os.version: &apos;10.0&apos;, java.version: &apos;19.0.1&apos;
Driver info: org.openqa.selenium.chrome.ChromeDriver
Capabilities {acceptInsecureCerts: false, browserName: chrome, browserVersion: 130.0.6723.70, chrome: {chromedriverVersion: 130.0.6723.69 (3ec172b971b9..., userDataDir: C:\Users\welcome\AppData\Lo...}, fedcm:accounts: true, goog:chromeOptions: {debuggerAddress: localhost:50643}, javascriptEnabled: true, networkConnectionEnabled: false, pageLoadStrategy: normal, platform: WINDOWS, platformName: WINDOWS, proxy: Proxy(), setWindowRect: true, strictFileInteractability: false, timeouts: {implicit: 0, pageLoad: 300000, script: 30000}, unhandledPromptBehavior: dismiss and notify, webauthn:extension:credBlob: true, webauthn:extension:largeBlob: true, webauthn:extension:minPinLength: true, webauthn:extension:prf: true, webauthn:virtualAuthenticators: true}
Session ID: adef30ed734cfc853a586e6310d26bbe
*** Element info: {Using=xpath, value=//a[text()=&apos;Akshay Singh&apos;]//parent::td[@class=&apos;datalistrow&apos;]//preceding-sibling::td[@class=&apos;datalistrow&apos;]//input[@name=&apos;contact_id&apos;]}
	at org.openqa.selenium.remote.http.W3CHttpResponseCodec.createException(W3CHttpResponseCodec.java:187)
	at org.openqa.selenium.remote.http.W3CHttpResponseCodec.decode(W3CHttpResponseCodec.java:122)
	at org.openqa.selenium.remote.http.W3CHttpResponseCodec.decode(W3CHttpResponseCodec.java:49)
	at org.openqa.selenium.remote.HttpCommandExecutor.execute(HttpCommandExecutor.java:158)
	at org.openqa.selenium.remote.service.DriverCommandExecutor.execute(DriverCommandExecutor.java:83)
	at org.openqa.selenium.remote.RemoteWebDriver.execute(RemoteWebDriver.java:552)
	at org.openqa.selenium.remote.RemoteWebDriver.findElement(RemoteWebDriver.java:323)
	at org.openqa.selenium.remote.RemoteWebDriver.findElementByXPath(RemoteWebDriver.java:428)
	at org.openqa.selenium.By$ByXPath.findElement(By.java:353)
	at org.openqa.selenium.remote.RemoteWebDriver.findElement(RemoteWebDriver.java:315)
	at com.crm.qa.pages.ContactsPage.selectContactsByName(ContactsPage.java:42)
	at com.crm.qa.testcases.ContactsPageTest.selectMultipleContactsTest(ContactsPageTest.java:57)
	at java.base/java.util.ArrayList.forEach(ArrayList.java:1511)
... Removed 28 stack frames</div></td></tr></table><p class="totop"><a href="#summary">back to summary</a></p>
<h3 id="m1">com.crm.qa.testcases.LoginPageTest#loginPageTitleTest</h3><table class="result"><tr><th>Exception</th></tr><tr><td><div class="stacktrace">java.lang.AssertionError: expected [Free CRM software for customer relationship management, sales, and .] but found [Free CRM software for customer relationship management, sales, and support.]
	at com.crm.qa.testcases.LoginPageTest.loginPageTitleTest(LoginPageTest.java:44)
	at java.base/java.util.ArrayList.forEach(ArrayList.java:1511)
... Removed 31 stack frames</div></td></tr></table><p class="totop"><a href="#summary">back to summary</a></p>
<h3 id="m2">com.crm.qa.testcases.ContactsPageTest#selectSingleContactsTest</h3><table class="result"><tr><th class="invisible"/></tr></table><p class="totop"><a href="#summary">back to summary</a></p>
<h3 id="m3">com.crm.qa.testcases.ContactsPageTest#validateCreateNewContact</h3><table class="result"><tr class="param"><th>Parameter #1</th><th>Parameter #2</th><th>Parameter #3</th><th>Parameter #4</th></tr><tr class="param stripe"><td>Mr.</td><td>AATom</td><td>Peter</td><td>Google</td></tr></table><p class="totop"><a href="#summary">back to summary</a></p>
<h3 id="m4">com.crm.qa.testcases.ContactsPageTest#validateCreateNewContact</h3><table class="result"><tr class="param"><th>Parameter #1</th><th>Parameter #2</th><th>Parameter #3</th><th>Parameter #4</th></tr><tr class="param stripe"><td>Mrs.</td><td>AAMukta</td><td>Sharma</td><td>Ebay</td></tr></table><p class="totop"><a href="#summary">back to summary</a></p>
<h3 id="m5">com.crm.qa.testcases.ContactsPageTest#validateCreateNewContact</h3><table class="result"><tr class="param"><th>Parameter #1</th><th>Parameter #2</th><th>Parameter #3</th><th>Parameter #4</th></tr><tr class="param stripe"><td>Dr.</td><td>AADavid</td><td>Cris</td><td>Amazon</td></tr></table><p class="totop"><a href="#summary">back to summary</a></p>
<h3 id="m6">com.crm.qa.testcases.ContactsPageTest#verifyContactsPageLabel</h3><table class="result"><tr><th class="invisible"/></tr></table><p class="totop"><a href="#summary">back to summary</a></p>
<h3 id="m7">com.crm.qa.testcases.HomePageTest#verifyContactsLinkTest</h3><table class="result"><tr><th class="invisible"/></tr></table><p class="totop"><a href="#summary">back to summary</a></p>
<h3 id="m8">com.crm.qa.testcases.HomePageTest#verifyHomePageTitleTest</h3><table class="result"><tr><th class="invisible"/></tr></table><p class="totop"><a href="#summary">back to summary</a></p>
<h3 id="m9">com.crm.qa.testcases.HomePageTest#verifyUserNameTest</h3><table class="result"><tr><th class="invisible"/></tr></table><p class="totop"><a href="#summary">back to summary</a></p>
<h3 id="m10">com.crm.qa.testcases.LoginPageTest#crmLogoImageTest</h3><table class="result"><tr><th class="invisible"/></tr></table><p class="totop"><a href="#summary">back to summary</a></p>
<h3 id="m11">com.crm.qa.testcases.LoginPageTest#loginTest</h3><table class="result"><tr><th class="invisible"/></tr></table><p class="totop"><a href="#summary">back to summary</a></p>
</body>
</html>
